  Combinatorics_이항계수3_11401.cpp
C:\Users\신제민\Documents\GitHub\Algorithm\Jaemin\문해전_조합탐색\Combinatorics_이항계수3_11401\Combinatorics_이항계수3_11401\Combinatorics_이항계수3_11401.cpp(87,13): warning C4244: '초기화 중': '__int64'에서 'int'(으)로 변환하면서 데이터가 손실될 수 있습니다.
C:\Program Files\Microsoft Visual Studio\2022\Community\VC\Tools\MSVC\14.32.31326\include\utility(190,54): warning C4244: '초기화 중': '__int64'에서 '_Ty2'(으)로 변환하면서 데이터가 손실될 수 있습니다.
          with
          [
              _Ty2=int
          ]
C:\Users\신제민\Documents\GitHub\Algorithm\Jaemin\문해전_조합탐색\Combinatorics_이항계수3_11401\Combinatorics_이항계수3_11401\Combinatorics_이항계수3_11401.cpp(34): message : 컴파일되는 함수 템플릿 인스턴스화 'std::pair<const int,int>::pair<int&,__int64&,0>(_Other1,_Other2) noexcept'에 대한 참조를 확인하세요.
          with
          [
              _Other1=int &,
              _Other2=__int64 &
          ]
C:\Users\신제민\Documents\GitHub\Algorithm\Jaemin\문해전_조합탐색\Combinatorics_이항계수3_11401\Combinatorics_이항계수3_11401\Combinatorics_이항계수3_11401.cpp(34): message : 컴파일되는 함수 템플릿 인스턴스화 'std::pair<const int,int>::pair<int&,__int64&,0>(_Other1,_Other2) noexcept'에 대한 참조를 확인하세요.
          with
          [
              _Other1=int &,
              _Other2=__int64 &
          ]
  Combinatorics_이항계수3_11401.vcxproj -> C:\Users\신제민\Documents\GitHub\Algorithm\Jaemin\문해전_조합탐색\Combinatorics_이항계수3_11401\x64\Debug\Combinatorics_이항계수3_11401.exe
